[     276ms] [LOG] Snow detected a new realm creation attempt in MetaMask. Performing scuttling on new realm. Window @ chrome-extension://nkbihfbeogaeaoehlefnkodbefgpgknn/bootstrap.8ba8c95f25659c470e88.js:19
[     278ms] [LOG] Snow detected a new realm creation attempt in MetaMask. Performing scuttling on new realm. Window @ chrome-extension://nkbihfbeogaeaoehlefnkodbefgpgknn/bootstrap.8ba8c95f25659c470e88.js:19
[    1019ms] [WARNING] ObjectMultiplex - malformed chunk without name "[object Object]" @ chrome-extension://nkbihfbeogaeaoehlefnkodbefgpgknn/bootstrap.8ba8c95f25659c470e88.js:19
[    1083ms] [LOG] Snow detected a new realm creation attempt in MetaMask. Performing scuttling on new realm. Window @ chrome-extension://nkbihfbeogaeaoehlefnkodbefgpgknn/bootstrap.8ba8c95f25659c470e88.js:19
[    1192ms] [TIMEEND] [ExtensionStore]: Reading from local store: 64.9560546875 ms @ chrome-extension://nkbihfbeogaeaoehlefnkodbefgpgknn/js-2c7117ce.c4e34cfecf0ab27b2e9d.js:106
[    1271ms] [WARNING] Rive source file or data buffer required @ chrome-extension://nkbihfbeogaeaoehlefnkodbefgpgknn/bootstrap.8ba8c95f25659c470e88.js:19
[    1550ms] [WARNING] ObjectMultiplex - orphaned data for stream "app-init-liveness" @ chrome-extension://nkbihfbeogaeaoehlefnkodbefgpgknn/scripts/contentscript.js:14082
[    1550ms] [WARNING] ObjectMultiplex - orphaned data for stream "background-liveness" @ chrome-extension://nkbihfbeogaeaoehlefnkodbefgpgknn/scripts/contentscript.js:14082
[    1550ms] [WARNING] ObjectMultiplex - malformed chunk without name "[object Object]" @ chrome-extension://nkbihfbeogaeaoehlefnkodbefgpgknn/scripts/contentscript.js:14082
[    1734ms] [WARNING] Removing intrinsics.Promise.try @ https://metamask.github.io/phishing-warning/v5.1.0/lockdown-install.js:0
[    1734ms] [WARNING] Removing intrinsics.Uint8Array.fromBase64 @ https://metamask.github.io/phishing-warning/v5.1.0/lockdown-install.js:0
[    1734ms] [WARNING] Removing intrinsics.Uint8Array.fromHex @ https://metamask.github.io/phishing-warning/v5.1.0/lockdown-install.js:0
[    1734ms] [WARNING] Removing intrinsics.Iterator.concat @ https://metamask.github.io/phishing-warning/v5.1.0/lockdown-install.js:0
[    1735ms] [WARNING] Removing intrinsics.%InitialMath%.f16round @ https://metamask.github.io/phishing-warning/v5.1.0/lockdown-install.js:0
[    1735ms] [WARNING] Removing intrinsics.%InitialMath%.sumPrecise @ https://metamask.github.io/phishing-warning/v5.1.0/lockdown-install.js:0
[    1735ms] [WARNING] Removing intrinsics.%SharedMath%.f16round @ https://metamask.github.io/phishing-warning/v5.1.0/lockdown-install.js:0
[    1735ms] [WARNING] Removing intrinsics.%SharedMath%.sumPrecise @ https://metamask.github.io/phishing-warning/v5.1.0/lockdown-install.js:0
[    1735ms] [WARNING] Removing intrinsics.%AsyncIteratorPrototype%.@@asyncDispose @ https://metamask.github.io/phishing-warning/v5.1.0/lockdown-install.js:0
[    1735ms] [WARNING] Removing intrinsics.%IteratorPrototype%.@@dispose @ https://metamask.github.io/phishing-warning/v5.1.0/lockdown-install.js:0
[    1735ms] [WARNING] Removing intrinsics.%DataViewPrototype%.getFloat16 @ https://metamask.github.io/phishing-warning/v5.1.0/lockdown-install.js:0
[    1735ms] [WARNING] Removing intrinsics.%DataViewPrototype%.setFloat16 @ https://metamask.github.io/phishing-warning/v5.1.0/lockdown-install.js:0
[    1735ms] [WARNING] Removing intrinsics.%MapPrototype%.getOrInsert @ https://metamask.github.io/phishing-warning/v5.1.0/lockdown-install.js:0
[    1735ms] [WARNING] Removing intrinsics.%MapPrototype%.getOrInsertComputed @ https://metamask.github.io/phishing-warning/v5.1.0/lockdown-install.js:0
[    1735ms] [WARNING] Removing intrinsics.%Uint8ArrayPrototype%.toBase64 @ https://metamask.github.io/phishing-warning/v5.1.0/lockdown-install.js:0
[    1735ms] [WARNING] Removing intrinsics.%Uint8ArrayPrototype%.setFromBase64 @ https://metamask.github.io/phishing-warning/v5.1.0/lockdown-install.js:0
[    1735ms] [WARNING] Removing intrinsics.%Uint8ArrayPrototype%.toHex @ https://metamask.github.io/phishing-warning/v5.1.0/lockdown-install.js:0
[    1735ms] [WARNING] Removing intrinsics.%Uint8ArrayPrototype%.setFromHex @ https://metamask.github.io/phishing-warning/v5.1.0/lockdown-install.js:0
[    1735ms] [WARNING] Removing intrinsics.%WeakMapPrototype%.getOrInsert @ https://metamask.github.io/phishing-warning/v5.1.0/lockdown-install.js:0
[    1735ms] [WARNING] Removing intrinsics.%WeakMapPrototype%.getOrInsertComputed @ https://metamask.github.io/phishing-warning/v5.1.0/lockdown-install.js:0
[    1735ms] [WARNING] Removing intrinsics.%DatePrototype%.toTemporalInstant @ https://metamask.github.io/phishing-warning/v5.1.0/lockdown-install.js:0
[    2303ms] [WARNING] Rive source file or data buffer required @ chrome-extension://nkbihfbeogaeaoehlefnkodbefgpgknn/bootstrap.8ba8c95f25659c470e88.js:19
[    8965ms] [WARNING] Rive source file or data buffer required @ chrome-extension://nkbihfbeogaeaoehlefnkodbefgpgknn/bootstrap.8ba8c95f25659c470e88.js:19
