[      99ms] [INFO] %cDownload the React DevTools for a better development experience: https://reactjs.org/link/react-devtools font-weight:bold @ http://localhost:5173/node_modules/.vite/deps/chunk-45HWO5LR.js?v=a3aadc8c:21608
[     200ms] [WARNING] ⚠️ React Router Future Flag Warning: React Router will begin wrapping state updates in `React.startTransition` in v7. You can use the `v7_startTransition` future flag to opt-in early. For more information, see https://reactrouter.com/v6/upgrading/future#v7_starttransition. @ http://localhost:5173/node_modules/.vite/deps/react-router-dom.js?v=54698640:4426
[     251ms] [ERROR] Failed to load resource: the server responded with a status of 404 (Not Found) @ http://localhost:3001/socket.io/?EIO=4&transport=polling&t=lgmm29ed:0
[     252ms] [ERROR] Failed to load resource: the server responded with a status of 404 (Not Found) @ http://localhost:5173/api/markets:0
[     318ms] [WARNING] Lit is in dev mode. Not recommended for production! See https://lit.dev/msg/dev-mode for more information. @ http://localhost:5173/node_modules/.vite/deps/chunk-N3IZMBQS.js?v=a3aadc8c:22
[     369ms] [ERROR] Failed to load resource: the server responded with a status of 403 () @ https://api.web3modal.org/appkit/v1/config?projectId=omnicurve-dev&st=appkit&sv=html-core-1.7.8:0
[     370ms] [WARNING] [Reown Config] Failed to fetch remote project configuration. Using local/default values. Error: HTTP status code: 403
    at fetchData (http://localhost:5173/node_modules/.vite/deps/chunk-J5UHLUVT.js?v=a3aadc8c:2979:17)
    at async FetchUtil.get (http://localhost:5173/node_modules/.vite/deps/chunk-J5UHLUVT.js?v=a3aadc8c:2993:22)
    at async Object.fetchProjectConfig (http://localhost:5173/node_modules/.vite/deps/chunk-J5UHLUVT.js?v=a3aadc8c:6127:22)
    at async Object.fetchRemoteFeatures (http://localhost:5173/node_modules/.vite/deps/core-B7AJGXTL.js?v=a3aadc8c:969:26)
    at async AppKit.initialize (http://localhost:5173/node_modules/.vite/deps/core-B7AJGXTL.js?v=a3aadc8c:1172:27) @ http://localhost:5173/node_modules/.vite/deps/core-B7AJGXTL.js?v=a3aadc8c:971
[     708ms] [ERROR] Failed to load resource: the server responded with a status of 400 () @ https://pulse.walletconnect.org/e?projectId=omnicurve-dev&st=appkit&sv=html-core-1.7.8:0
[    1261ms] [ERROR] Failed to load resource: the server responded with a status of 404 (Not Found) @ http://localhost:5173/api/markets:0
[    1442ms] [ERROR] Failed to load resource: the server responded with a status of 404 (Not Found) @ http://localhost:3001/socket.io/?EIO=4&transport=polling&t=lgnke782:0
[    3190ms] [ERROR] Failed to load resource: the server responded with a status of 404 (Not Found) @ http://localhost:3001/socket.io/?EIO=4&transport=polling&t=lgox36be:0
[    7850ms] [ERROR] Failed to load resource: the server responded with a status of 404 (Not Found) @ http://localhost:3001/socket.io/?EIO=4&transport=polling&t=lgsiep6o:0
[   12641ms] [ERROR] Failed to load resource: the server responded with a status of 404 (Not Found) @ http://localhost:3001/socket.io/?EIO=4&transport=polling&t=lgw7mzpc:0
[   17646ms] [ERROR] Failed to load resource: the server responded with a status of 404 (Not Found) @ http://localhost:3001/socket.io/?EIO=4&transport=polling&t=lh02m2js:0
[   22652ms] [ERROR] Failed to load resource: the server responded with a status of 404 (Not Found) @ http://localhost:3001/socket.io/?EIO=4&transport=polling&t=lh3xnbwe:0
