[     118ms] [INFO] %cDownload the React DevTools for a better development experience: https://reactjs.org/link/react-devtools font-weight:bold @ http://localhost:5173/node_modules/.vite/deps/chunk-45HWO5LR.js?v=a3aadc8c:21608
[     174ms] [WARNING] ⚠️ React Router Future Flag Warning: React Router will begin wrapping state updates in `React.startTransition` in v7. You can use the `v7_startTransition` future flag to opt-in early. For more information, see https://reactrouter.com/v6/upgrading/future#v7_starttransition. @ http://localhost:5173/node_modules/.vite/deps/react-router-dom.js?v=54698640:4426
[     200ms] [ERROR] Failed to load resource: the server responded with a status of 404 (Not Found) @ http://localhost:3001/socket.io/?EIO=4&transport=polling&t=lh60j1dy:0
[     200ms] [ERROR] Failed to load resource: the server responded with a status of 404 (Not Found) @ http://localhost:5173/api/markets:0
[     256ms] [WARNING] Lit is in dev mode. Not recommended for production! See https://lit.dev/msg/dev-mode for more information. @ http://localhost:5173/node_modules/.vite/deps/chunk-N3IZMBQS.js?v=a3aadc8c:22
[     261ms] [ERROR] Failed to load resource: the server responded with a status of 403 () @ https://api.web3modal.org/appkit/v1/config?projectId=omnicurve-dev&st=appkit&sv=html-core-1.7.8:0
[     261ms] [WARNING] [Reown Config] Failed to fetch remote project configuration. Using local/default values. Error: HTTP status code: 403
    at fetchData (http://localhost:5173/node_modules/.vite/deps/chunk-J5UHLUVT.js?v=a3aadc8c:2979:17)
    at async FetchUtil.get (http://localhost:5173/node_modules/.vite/deps/chunk-J5UHLUVT.js?v=a3aadc8c:2993:22)
    at async Object.fetchProjectConfig (http://localhost:5173/node_modules/.vite/deps/chunk-J5UHLUVT.js?v=a3aadc8c:6127:22)
    at async Object.fetchRemoteFeatures (http://localhost:5173/node_modules/.vite/deps/core-B7AJGXTL.js?v=a3aadc8c:969:26)
    at async AppKit.initialize (http://localhost:5173/node_modules/.vite/deps/core-B7AJGXTL.js?v=a3aadc8c:1172:27) @ http://localhost:5173/node_modules/.vite/deps/core-B7AJGXTL.js?v=a3aadc8c:971
[     447ms] [ERROR] Failed to load resource: the server responded with a status of 400 () @ https://pulse.walletconnect.org/e?projectId=omnicurve-dev&st=appkit&sv=html-core-1.7.8:0
[    1082ms] [ERROR] Failed to load resource: the server responded with a status of 404 (Not Found) @ http://localhost:3001/socket.io/?EIO=4&transport=polling&t=lh6pnc7d:0
[    1212ms] [ERROR] Failed to load resource: the server responded with a status of 404 (Not Found) @ http://localhost:5173/api/markets:0
[    2449ms] [ERROR] Failed to load resource: the server responded with a status of 404 (Not Found) @ http://localhost:3001/socket.io/?EIO=4&transport=polling&t=lh7ro3ez:0
[    5638ms] [ERROR] Failed to load resource: the server responded with a status of 404 (Not Found) @ http://localhost:3001/socket.io/?EIO=4&transport=polling&t=lha86y1a:0
[    5953ms] [INFO] %cDownload the React DevTools for a better development experience: https://reactjs.org/link/react-devtools font-weight:bold @ http://localhost:5173/node_modules/.vite/deps/chunk-45HWO5LR.js?v=a3aadc8c:21608
[    5988ms] [WARNING] ⚠️ React Router Future Flag Warning: React Router will begin wrapping state updates in `React.startTransition` in v7. You can use the `v7_startTransition` future flag to opt-in early. For more information, see https://reactrouter.com/v6/upgrading/future#v7_starttransition. @ http://localhost:5173/node_modules/.vite/deps/react-router-dom.js?v=54698640:4426
[    5992ms] [ERROR] Failed to load resource: the server responded with a status of 404 (Not Found) @ http://localhost:3001/socket.io/?EIO=4&transport=polling&t=lhai14j5:0
[    5994ms] [ERROR] Failed to load resource: the server responded with a status of 404 (Not Found) @ http://localhost:5173/api/markets:0
[    6034ms] [WARNING] Lit is in dev mode. Not recommended for production! See https://lit.dev/msg/dev-mode for more information. @ http://localhost:5173/node_modules/.vite/deps/chunk-N3IZMBQS.js?v=a3aadc8c:22
[    6035ms] [ERROR] Failed to load resource: the server responded with a status of 403 () @ https://api.web3modal.org/appkit/v1/config?projectId=omnicurve-dev&st=appkit&sv=html-core-1.7.8:0
[    6035ms] [WARNING] [Reown Config] Failed to fetch remote project configuration. Using local/default values. Error: HTTP status code: 403
    at fetchData (http://localhost:5173/node_modules/.vite/deps/chunk-J5UHLUVT.js?v=a3aadc8c:2979:17)
    at async FetchUtil.get (http://localhost:5173/node_modules/.vite/deps/chunk-J5UHLUVT.js?v=a3aadc8c:2993:22)
    at async Object.fetchProjectConfig (http://localhost:5173/node_modules/.vite/deps/chunk-J5UHLUVT.js?v=a3aadc8c:6127:22)
    at async Object.fetchRemoteFeatures (http://localhost:5173/node_modules/.vite/deps/core-B7AJGXTL.js?v=a3aadc8c:969:26)
    at async AppKit.initialize (http://localhost:5173/node_modules/.vite/deps/core-B7AJGXTL.js?v=a3aadc8c:1172:27) @ http://localhost:5173/node_modules/.vite/deps/core-B7AJGXTL.js?v=a3aadc8c:971
[    6207ms] [ERROR] Failed to load resource: the server responded with a status of 400 () @ https://pulse.walletconnect.org/e?projectId=omnicurve-dev&st=appkit&sv=html-core-1.7.8:0
[    7000ms] [ERROR] Failed to load resource: the server responded with a status of 404 (Not Found) @ http://localhost:5173/api/markets:0
[    7271ms] [ERROR] Failed to load resource: the server responded with a status of 404 (Not Found) @ http://localhost:3001/socket.io/?EIO=4&transport=polling&t=lhbhlykf:0
