[      73ms] [INFO] %cDownload the React DevTools for a better development experience: https://reactjs.org/link/react-devtools font-weight:bold @ http://localhost:5173/node_modules/.vite/deps/chunk-45HWO5LR.js?v=a3aadc8c:21608
[     111ms] [WARNING] ⚠️ React Router Future Flag Warning: React Router will begin wrapping state updates in `React.startTransition` in v7. You can use the `v7_startTransition` future flag to opt-in early. For more information, see https://reactrouter.com/v6/upgrading/future#v7_starttransition. @ http://localhost:5173/node_modules/.vite/deps/react-router-dom.js?v=54698640:4426
[     162ms] [WARNING] Lit is in dev mode. Not recommended for production! See https://lit.dev/msg/dev-mode for more information. @ http://localhost:5173/node_modules/.vite/deps/chunk-N3IZMBQS.js?v=a3aadc8c:22
[     163ms] [ERROR] Failed to load resource: the server responded with a status of 403 () @ https://api.web3modal.org/appkit/v1/config?projectId=omnicurve-dev&st=appkit&sv=html-core-1.7.8:0
[     163ms] [WARNING] [Reown Config] Failed to fetch remote project configuration. Using local/default values. Error: HTTP status code: 403
    at fetchData (http://localhost:5173/node_modules/.vite/deps/chunk-J5UHLUVT.js?v=a3aadc8c:2979:17)
    at async FetchUtil.get (http://localhost:5173/node_modules/.vite/deps/chunk-J5UHLUVT.js?v=a3aadc8c:2993:22)
    at async Object.fetchProjectConfig (http://localhost:5173/node_modules/.vite/deps/chunk-J5UHLUVT.js?v=a3aadc8c:6127:22)
    at async Object.fetchRemoteFeatures (http://localhost:5173/node_modules/.vite/deps/core-B7AJGXTL.js?v=a3aadc8c:969:26)
    at async AppKit.initialize (http://localhost:5173/node_modules/.vite/deps/core-B7AJGXTL.js?v=a3aadc8c:1172:27) @ http://localhost:5173/node_modules/.vite/deps/core-B7AJGXTL.js?v=a3aadc8c:971
[     340ms] [ERROR] Failed to load resource: the server responded with a status of 400 () @ https://pulse.walletconnect.org/e?projectId=omnicurve-dev&st=appkit&sv=html-core-1.7.8:0
[   36958ms] [LOG] {time: 1781013621184, level: 60, context: core/relayer, msg: Fatal socket error: WebSocket connection closed ab…mally with code: 3000 (Unauthorized: invalid key)} @ http://localhost:5173/node_modules/.vite/deps/chunk-PAGFIJI2.js?v=a3aadc8c:5649
[   36958ms] [LOG] {time: 1781013621184, level: 60, context: core/relayer, msg: Fatal socket error received, closing transport} @ http://localhost:5173/node_modules/.vite/deps/chunk-PAGFIJI2.js?v=a3aadc8c:5649
[   41395ms] [LOG] {time: 1781013625622, level: 60, context: core/relayer, msg: Fatal socket error: WebSocket connection closed ab…mally with code: 3000 (Unauthorized: invalid key)} @ http://localhost:5173/node_modules/.vite/deps/chunk-PAGFIJI2.js?v=a3aadc8c:5649
[   41395ms] [LOG] {time: 1781013625622, level: 60, context: core/relayer, msg: Fatal socket error received, closing transport} @ http://localhost:5173/node_modules/.vite/deps/chunk-PAGFIJI2.js?v=a3aadc8c:5649
[   46506ms] [LOG] {time: 1781013630733, level: 60, context: core/relayer, msg: Fatal socket error: WebSocket connection closed ab…mally with code: 3000 (Unauthorized: invalid key)} @ http://localhost:5173/node_modules/.vite/deps/chunk-PAGFIJI2.js?v=a3aadc8c:5649
[   46507ms] [LOG] {time: 1781013630733, level: 60, context: core/relayer, msg: Fatal socket error received, closing transport} @ http://localhost:5173/node_modules/.vite/deps/chunk-PAGFIJI2.js?v=a3aadc8c:5649
[   51429ms] [LOG] {time: 1781013635655, level: 60, context: core/relayer, msg: Fatal socket error: WebSocket connection closed ab…mally with code: 3000 (Unauthorized: invalid key)} @ http://localhost:5173/node_modules/.vite/deps/chunk-PAGFIJI2.js?v=a3aadc8c:5649
[   51429ms] [LOG] {time: 1781013635655, level: 60, context: core/relayer, msg: Fatal socket error received, closing transport} @ http://localhost:5173/node_modules/.vite/deps/chunk-PAGFIJI2.js?v=a3aadc8c:5649
[   56401ms] [LOG] {time: 1781013640627, level: 60, context: core/relayer, msg: Fatal socket error: WebSocket connection closed ab…mally with code: 3000 (Unauthorized: invalid key)} @ http://localhost:5173/node_modules/.vite/deps/chunk-PAGFIJI2.js?v=a3aadc8c:5649
[   56401ms] [LOG] {time: 1781013640628, level: 60, context: core/relayer, msg: Fatal socket error received, closing transport} @ http://localhost:5173/node_modules/.vite/deps/chunk-PAGFIJI2.js?v=a3aadc8c:5649
[   61408ms] [LOG] {time: 1781013645634, level: 60, context: core/relayer, msg: Fatal socket error: WebSocket connection closed ab…mally with code: 3000 (Unauthorized: invalid key)} @ http://localhost:5173/node_modules/.vite/deps/chunk-PAGFIJI2.js?v=a3aadc8c:5649
[   61408ms] [LOG] {time: 1781013645635, level: 60, context: core/relayer, msg: Fatal socket error received, closing transport} @ http://localhost:5173/node_modules/.vite/deps/chunk-PAGFIJI2.js?v=a3aadc8c:5649
[   63646ms] [LOG] {time: 1781013647872, level: 60, context: core/relayer, msg: Fatal socket error: WebSocket connection closed ab…mally with code: 3000 (Unauthorized: invalid key)} @ http://localhost:5173/node_modules/.vite/deps/chunk-PAGFIJI2.js?v=a3aadc8c:5649
[   63646ms] [LOG] {time: 1781013647872, level: 60, context: core/relayer, msg: Fatal socket error received, closing transport} @ http://localhost:5173/node_modules/.vite/deps/chunk-PAGFIJI2.js?v=a3aadc8c:5649
[   66395ms] [LOG] {time: 1781013650621, level: 60, context: core/relayer, msg: Fatal socket error: WebSocket connection closed ab…mally with code: 3000 (Unauthorized: invalid key)} @ http://localhost:5173/node_modules/.vite/deps/chunk-PAGFIJI2.js?v=a3aadc8c:5649
[   66395ms] [LOG] {time: 1781013650622, level: 60, context: core/relayer, msg: Fatal socket error received, closing transport} @ http://localhost:5173/node_modules/.vite/deps/chunk-PAGFIJI2.js?v=a3aadc8c:5649
[   71419ms] [LOG] {time: 1781013655645, level: 60, context: core/relayer, msg: Fatal socket error: WebSocket connection closed ab…mally with code: 3000 (Unauthorized: invalid key)} @ http://localhost:5173/node_modules/.vite/deps/chunk-PAGFIJI2.js?v=a3aadc8c:5649
[   71419ms] [LOG] {time: 1781013655646, level: 60, context: core/relayer, msg: Fatal socket error received, closing transport} @ http://localhost:5173/node_modules/.vite/deps/chunk-PAGFIJI2.js?v=a3aadc8c:5649
[   76417ms] [LOG] {time: 1781013660644, level: 60, context: core/relayer, msg: Fatal socket error: WebSocket connection closed ab…mally with code: 3000 (Unauthorized: invalid key)} @ http://localhost:5173/node_modules/.vite/deps/chunk-PAGFIJI2.js?v=a3aadc8c:5649
[   76417ms] [LOG] {time: 1781013660644, level: 60, context: core/relayer, msg: Fatal socket error received, closing transport} @ http://localhost:5173/node_modules/.vite/deps/chunk-PAGFIJI2.js?v=a3aadc8c:5649
[   81406ms] [LOG] {time: 1781013665632, level: 60, context: core/relayer, msg: Fatal socket error: WebSocket connection closed ab…mally with code: 3000 (Unauthorized: invalid key)} @ http://localhost:5173/node_modules/.vite/deps/chunk-PAGFIJI2.js?v=a3aadc8c:5649
[   81406ms] [LOG] {time: 1781013665633, level: 60, context: core/relayer, msg: Fatal socket error received, closing transport} @ http://localhost:5173/node_modules/.vite/deps/chunk-PAGFIJI2.js?v=a3aadc8c:5649
[   86392ms] [LOG] {time: 1781013670618, level: 60, context: core/relayer, msg: Fatal socket error: WebSocket connection closed ab…mally with code: 3000 (Unauthorized: invalid key)} @ http://localhost:5173/node_modules/.vite/deps/chunk-PAGFIJI2.js?v=a3aadc8c:5649
[   86392ms] [LOG] {time: 1781013670619, level: 60, context: core/relayer, msg: Fatal socket error received, closing transport} @ http://localhost:5173/node_modules/.vite/deps/chunk-PAGFIJI2.js?v=a3aadc8c:5649
[   91396ms] [LOG] {time: 1781013675622, level: 60, context: core/relayer, msg: Fatal socket error: WebSocket connection closed ab…mally with code: 3000 (Unauthorized: invalid key)} @ http://localhost:5173/node_modules/.vite/deps/chunk-PAGFIJI2.js?v=a3aadc8c:5649
[   91396ms] [LOG] {time: 1781013675622, level: 60, context: core/relayer, msg: Fatal socket error received, closing transport} @ http://localhost:5173/node_modules/.vite/deps/chunk-PAGFIJI2.js?v=a3aadc8c:5649
[   96417ms] [LOG] {time: 1781013680643, level: 60, context: core/relayer, msg: Fatal socket error: WebSocket connection closed ab…mally with code: 3000 (Unauthorized: invalid key)} @ http://localhost:5173/node_modules/.vite/deps/chunk-PAGFIJI2.js?v=a3aadc8c:5649
[   96417ms] [LOG] {time: 1781013680643, level: 60, context: core/relayer, msg: Fatal socket error received, closing transport} @ http://localhost:5173/node_modules/.vite/deps/chunk-PAGFIJI2.js?v=a3aadc8c:5649
[   96959ms] [ERROR] {time: 1781013681185, level: 50, context: core/relayer/subscription} @ http://localhost:5173/node_modules/.vite/deps/chunk-PAGFIJI2.js?v=a3aadc8c:5649
[   96959ms] [ERROR] {context: client} Subscribing to f2542e559e7571ea37924a58ae6f312f4fb597877b6c04df263ff76599778a4c failed, please try again @ http://localhost:5173/node_modules/.vite/deps/chunk-PAGFIJI2.js?v=a3aadc8c:990
[   96960ms] [ERROR] Error: Subscribing to f2542e559e7571ea37924a58ae6f312f4fb597877b6c04df263ff76599778a4c failed, please try again
    at http://localhost:5173/node_modules/.vite/deps/index.es-LAOWA5CI.js?v=b7adc851:7453:85
    at async a2 (http://localhost:5173/node_modules/.vite/deps/index.es-LAOWA5CI.js?v=b7adc851:7449:9) @ http://localhost:5173/node_modules/.vite/deps/chunk-PAGFIJI2.js?v=a3aadc8c:990
[  101413ms] [ERROR] {time: 1781013685639, level: 50, context: core/relayer/subscription, msg: Restore will override. subscription} @ http://localhost:5173/node_modules/.vite/deps/chunk-PAGFIJI2.js?v=a3aadc8c:5649
[  101413ms] [ERROR] {time: 1781013685640, level: 50, context: core/relayer/subscription, msg: subscription: [{"topic":"f2542e559e7571ea37924a58a…d72d47e68812fcc763af9663d7c4e57b240cb3d9274ded"}]} @ http://localhost:5173/node_modules/.vite/deps/chunk-PAGFIJI2.js?v=a3aadc8c:5649
[  101413ms] [ERROR] {time: 1781013685640, level: 50, context: core/relayer/subscription} @ http://localhost:5173/node_modules/.vite/deps/chunk-PAGFIJI2.js?v=a3aadc8c:5649
[  101414ms] [LOG] {time: 1781013685640, level: 60, context: core/relayer, msg: Fatal socket error: WebSocket connection closed ab…mally with code: 3000 (Unauthorized: invalid key)} @ http://localhost:5173/node_modules/.vite/deps/chunk-PAGFIJI2.js?v=a3aadc8c:5649
[  101414ms] [LOG] {time: 1781013685640, level: 60, context: core/relayer, msg: Fatal socket error received, closing transport} @ http://localhost:5173/node_modules/.vite/deps/chunk-PAGFIJI2.js?v=a3aadc8c:5649
[  154376ms] [ERROR] [vite] Error: No projectId found. Every dApp must now provide a WalletConnect Cloud projectId to enable WalletConnect v2 https://www.rainbowkit.com/docs/installation#configure
    at getWalletConnectConnector (http://localhost:5173/node_modules/.vite/deps/@rainbow-me_rainbowkit_wallets.js?v=7f778abf:263:11)
    at metaMaskWallet (http://localhost:5173/node_modules/.vite/deps/@rainbow-me_rainbowkit_wallets.js?v=7f778abf:2506:47)
    at connectorsForWallets (http://localhost:5173/node_modules/.vite/deps/@rainbow-me_rainbowkit.js?v=b7adc851:27052:22)
    at http://localhost:5173/src/config/wagmi.ts?t=1781013737425:30:20 @ http://localhost:5173/@vite/client:881
[  154376ms] [ERROR] [vite] Failed to reload /src/main.tsx. This could be due to syntax errors or importing non-existent modules. (see errors above) @ http://localhost:5173/@vite/client:881
[  154566ms] [WARNING] MaxListenersExceededWarning: Possible EventEmitter memory leak detected. 11 close listeners added. Use emitter.setMaxListeners() to increase limit @ chrome-extension://nkbihfbeogaeaoehlefnkodbefgpgknn/scripts/contentscript.js:14082
[  154566ms] [WARNING] MaxListenersExceededWarning: Possible EventEmitter memory leak detected. 11 end listeners added. Use emitter.setMaxListeners() to increase limit @ chrome-extension://nkbihfbeogaeaoehlefnkodbefgpgknn/scripts/contentscript.js:14082
[  154596ms] [WARNING] ObjectMultiplex - orphaned data for stream "app-init-liveness" @ chrome-extension://nkbihfbeogaeaoehlefnkodbefgpgknn/scripts/contentscript.js:14082
[  154596ms] [WARNING] ObjectMultiplex - orphaned data for stream "app-init-liveness" @ chrome-extension://nkbihfbeogaeaoehlefnkodbefgpgknn/scripts/contentscript.js:14082
[  154596ms] [WARNING] ObjectMultiplex - orphaned data for stream "background-liveness" @ chrome-extension://nkbihfbeogaeaoehlefnkodbefgpgknn/scripts/contentscript.js:14082
[  154596ms] [WARNING] ObjectMultiplex - orphaned data for stream "background-liveness" @ chrome-extension://nkbihfbeogaeaoehlefnkodbefgpgknn/scripts/contentscript.js:14082
[  154597ms] [WARNING] ObjectMultiplex - malformed chunk without name "[object Object]" @ chrome-extension://nkbihfbeogaeaoehlefnkodbefgpgknn/scripts/contentscript.js:14082
[  154597ms] [WARNING] ObjectMultiplex - malformed chunk without name "[object Object]" @ chrome-extension://nkbihfbeogaeaoehlefnkodbefgpgknn/scripts/contentscript.js:14082
[  154718ms] [INFO] %cDownload the React DevTools for a better development experience: https://reactjs.org/link/react-devtools font-weight:bold @ http://localhost:5173/node_modules/.vite/deps/chunk-45HWO5LR.js?v=5adbac2d:21608
[  154780ms] [WARNING] ⚠️ React Router Future Flag Warning: React Router will begin wrapping state updates in `React.startTransition` in v7. You can use the `v7_startTransition` future flag to opt-in early. For more information, see https://reactrouter.com/v6/upgrading/future#v7_starttransition. @ http://localhost:5173/node_modules/.vite/deps/react-router-dom.js?v=5adbac2d:4426
