[    5525ms] [WARNING] MaxListenersExceededWarning: Possible EventEmitter memory leak detected. 11 close listeners added. Use emitter.setMaxListeners() to increase limit @ chrome-extension://nkbihfbeogaeaoehlefnkodbefgpgknn/scripts/contentscript.js:14082
[    5526ms] [WARNING] MaxListenersExceededWarning: Possible EventEmitter memory leak detected. 11 end listeners added. Use emitter.setMaxListeners() to increase limit @ chrome-extension://nkbihfbeogaeaoehlefnkodbefgpgknn/scripts/contentscript.js:14082
[    5560ms] [WARNING] ObjectMultiplex - orphaned data for stream "app-init-liveness" @ chrome-extension://nkbihfbeogaeaoehlefnkodbefgpgknn/scripts/contentscript.js:14082
[    5560ms] [WARNING] ObjectMultiplex - orphaned data for stream "app-init-liveness" @ chrome-extension://nkbihfbeogaeaoehlefnkodbefgpgknn/scripts/contentscript.js:14082
[    5560ms] [WARNING] ObjectMultiplex - orphaned data for stream "background-liveness" @ chrome-extension://nkbihfbeogaeaoehlefnkodbefgpgknn/scripts/contentscript.js:14082
[    5560ms] [WARNING] ObjectMultiplex - orphaned data for stream "background-liveness" @ chrome-extension://nkbihfbeogaeaoehlefnkodbefgpgknn/scripts/contentscript.js:14082
[    5561ms] [WARNING] ObjectMultiplex - malformed chunk without name "[object Object]" @ chrome-extension://nkbihfbeogaeaoehlefnkodbefgpgknn/scripts/contentscript.js:14082
[    5561ms] [WARNING] ObjectMultiplex - malformed chunk without name "[object Object]" @ chrome-extension://nkbihfbeogaeaoehlefnkodbefgpgknn/scripts/contentscript.js:14082
[   24749ms] [WARNING] MaxListenersExceededWarning: Possible EventEmitter memory leak detected. 11 close listeners added. Use emitter.setMaxListeners() to increase limit @ chrome-extension://nkbihfbeogaeaoehlefnkodbefgpgknn/scripts/contentscript.js:14082
[   24749ms] [WARNING] MaxListenersExceededWarning: Possible EventEmitter memory leak detected. 11 end listeners added. Use emitter.setMaxListeners() to increase limit @ chrome-extension://nkbihfbeogaeaoehlefnkodbefgpgknn/scripts/contentscript.js:14082
[   24781ms] [WARNING] ObjectMultiplex - orphaned data for stream "app-init-liveness" @ chrome-extension://nkbihfbeogaeaoehlefnkodbefgpgknn/scripts/contentscript.js:14082
[   24781ms] [WARNING] ObjectMultiplex - orphaned data for stream "app-init-liveness" @ chrome-extension://nkbihfbeogaeaoehlefnkodbefgpgknn/scripts/contentscript.js:14082
[   24781ms] [WARNING] ObjectMultiplex - orphaned data for stream "background-liveness" @ chrome-extension://nkbihfbeogaeaoehlefnkodbefgpgknn/scripts/contentscript.js:14082
[   24781ms] [WARNING] ObjectMultiplex - orphaned data for stream "background-liveness" @ chrome-extension://nkbihfbeogaeaoehlefnkodbefgpgknn/scripts/contentscript.js:14082
[   24782ms] [WARNING] ObjectMultiplex - malformed chunk without name "[object Object]" @ chrome-extension://nkbihfbeogaeaoehlefnkodbefgpgknn/scripts/contentscript.js:14082
[   24782ms] [WARNING] ObjectMultiplex - malformed chunk without name "[object Object]" @ chrome-extension://nkbihfbeogaeaoehlefnkodbefgpgknn/scripts/contentscript.js:14082
[   25221ms] [WARNING] MaxListenersExceededWarning: Possible EventEmitter memory leak detected. 11 close listeners added. Use emitter.setMaxListeners() to increase limit @ chrome-extension://nkbihfbeogaeaoehlefnkodbefgpgknn/scripts/contentscript.js:14082
[   25221ms] [WARNING] MaxListenersExceededWarning: Possible EventEmitter memory leak detected. 11 end listeners added. Use emitter.setMaxListeners() to increase limit @ chrome-extension://nkbihfbeogaeaoehlefnkodbefgpgknn/scripts/contentscript.js:14082
[   25226ms] [WARNING] ObjectMultiplex - orphaned data for stream "app-init-liveness" @ chrome-extension://nkbihfbeogaeaoehlefnkodbefgpgknn/scripts/contentscript.js:14082
[   25226ms] [WARNING] ObjectMultiplex - orphaned data for stream "app-init-liveness" @ chrome-extension://nkbihfbeogaeaoehlefnkodbefgpgknn/scripts/contentscript.js:14082
[   25226ms] [WARNING] ObjectMultiplex - orphaned data for stream "background-liveness" @ chrome-extension://nkbihfbeogaeaoehlefnkodbefgpgknn/scripts/contentscript.js:14082
[   25227ms] [WARNING] ObjectMultiplex - orphaned data for stream "background-liveness" @ chrome-extension://nkbihfbeogaeaoehlefnkodbefgpgknn/scripts/contentscript.js:14082
[   25227ms] [WARNING] ObjectMultiplex - malformed chunk without name "[object Object]" @ chrome-extension://nkbihfbeogaeaoehlefnkodbefgpgknn/scripts/contentscript.js:14082
[   25227ms] [WARNING] ObjectMultiplex - malformed chunk without name "[object Object]" @ chrome-extension://nkbihfbeogaeaoehlefnkodbefgpgknn/scripts/contentscript.js:14082
[   28920ms] [WARNING] Failed to execute 'postMessage' on 'DOMWindow': The target origin provided ('https://www.youtube.com') does not match the recipient window's origin ('https://www.google.com'). @ https://www.youtube.com/s/player/69e2a55d/www-widgetapi.vflset/www-widgetapi.js:209
[   29166ms] [WARNING] Failed to execute 'postMessage' on 'DOMWindow': The target origin provided ('https://www.youtube.com') does not match the recipient window's origin ('https://www.google.com'). @ https://www.youtube.com/s/player/69e2a55d/www-widgetapi.vflset/www-widgetapi.js:209
[   29506ms] [WARNING] MaxListenersExceededWarning: Possible EventEmitter memory leak detected. 11 close listeners added. Use emitter.setMaxListeners() to increase limit @ chrome-extension://nkbihfbeogaeaoehlefnkodbefgpgknn/scripts/contentscript.js:14082
[   29507ms] [WARNING] MaxListenersExceededWarning: Possible EventEmitter memory leak detected. 11 end listeners added. Use emitter.setMaxListeners() to increase limit @ chrome-extension://nkbihfbeogaeaoehlefnkodbefgpgknn/scripts/contentscript.js:14082
[   29521ms] [WARNING] ObjectMultiplex - orphaned data for stream "app-init-liveness" @ chrome-extension://nkbihfbeogaeaoehlefnkodbefgpgknn/scripts/contentscript.js:14082
[   29521ms] [WARNING] ObjectMultiplex - orphaned data for stream "app-init-liveness" @ chrome-extension://nkbihfbeogaeaoehlefnkodbefgpgknn/scripts/contentscript.js:14082
[   29522ms] [WARNING] ObjectMultiplex - orphaned data for stream "background-liveness" @ chrome-extension://nkbihfbeogaeaoehlefnkodbefgpgknn/scripts/contentscript.js:14082
[   29522ms] [WARNING] ObjectMultiplex - orphaned data for stream "background-liveness" @ chrome-extension://nkbihfbeogaeaoehlefnkodbefgpgknn/scripts/contentscript.js:14082
[   29522ms] [WARNING] ObjectMultiplex - malformed chunk without name "[object Object]" @ chrome-extension://nkbihfbeogaeaoehlefnkodbefgpgknn/scripts/contentscript.js:14082
[   29522ms] [WARNING] ObjectMultiplex - malformed chunk without name "[object Object]" @ chrome-extension://nkbihfbeogaeaoehlefnkodbefgpgknn/scripts/contentscript.js:14082
[   31775ms] [WARNING] MaxListenersExceededWarning: Possible EventEmitter memory leak detected. 11 close listeners added. Use emitter.setMaxListeners() to increase limit @ chrome-extension://nkbihfbeogaeaoehlefnkodbefgpgknn/scripts/contentscript.js:14082
[   31776ms] [WARNING] MaxListenersExceededWarning: Possible EventEmitter memory leak detected. 11 end listeners added. Use emitter.setMaxListeners() to increase limit @ chrome-extension://nkbihfbeogaeaoehlefnkodbefgpgknn/scripts/contentscript.js:14082
[   31781ms] [WARNING] ObjectMultiplex - orphaned data for stream "app-init-liveness" @ chrome-extension://nkbihfbeogaeaoehlefnkodbefgpgknn/scripts/contentscript.js:14082
[   31781ms] [WARNING] ObjectMultiplex - orphaned data for stream "app-init-liveness" @ chrome-extension://nkbihfbeogaeaoehlefnkodbefgpgknn/scripts/contentscript.js:14082
[   31782ms] [WARNING] ObjectMultiplex - orphaned data for stream "background-liveness" @ chrome-extension://nkbihfbeogaeaoehlefnkodbefgpgknn/scripts/contentscript.js:14082
[   31782ms] [WARNING] ObjectMultiplex - orphaned data for stream "background-liveness" @ chrome-extension://nkbihfbeogaeaoehlefnkodbefgpgknn/scripts/contentscript.js:14082
[   31782ms] [WARNING] ObjectMultiplex - malformed chunk without name "[object Object]" @ chrome-extension://nkbihfbeogaeaoehlefnkodbefgpgknn/scripts/contentscript.js:14082
[   31782ms] [WARNING] ObjectMultiplex - malformed chunk without name "[object Object]" @ chrome-extension://nkbihfbeogaeaoehlefnkodbefgpgknn/scripts/contentscript.js:14082
[   41658ms] [WARNING] MaxListenersExceededWarning: Possible EventEmitter memory leak detected. 11 close listeners added. Use emitter.setMaxListeners() to increase limit @ chrome-extension://nkbihfbeogaeaoehlefnkodbefgpgknn/scripts/contentscript.js:14082
[   41659ms] [WARNING] MaxListenersExceededWarning: Possible EventEmitter memory leak detected. 11 end listeners added. Use emitter.setMaxListeners() to increase limit @ chrome-extension://nkbihfbeogaeaoehlefnkodbefgpgknn/scripts/contentscript.js:14082
[   41673ms] [WARNING] ObjectMultiplex - orphaned data for stream "app-init-liveness" @ chrome-extension://nkbihfbeogaeaoehlefnkodbefgpgknn/scripts/contentscript.js:14082
[   41673ms] [WARNING] ObjectMultiplex - orphaned data for stream "app-init-liveness" @ chrome-extension://nkbihfbeogaeaoehlefnkodbefgpgknn/scripts/contentscript.js:14082
[   41673ms] [WARNING] ObjectMultiplex - orphaned data for stream "background-liveness" @ chrome-extension://nkbihfbeogaeaoehlefnkodbefgpgknn/scripts/contentscript.js:14082
[   41673ms] [WARNING] ObjectMultiplex - orphaned data for stream "background-liveness" @ chrome-extension://nkbihfbeogaeaoehlefnkodbefgpgknn/scripts/contentscript.js:14082
[   41673ms] [WARNING] ObjectMultiplex - malformed chunk without name "[object Object]" @ chrome-extension://nkbihfbeogaeaoehlefnkodbefgpgknn/scripts/contentscript.js:14082
[   41674ms] [WARNING] ObjectMultiplex - malformed chunk without name "[object Object]" @ chrome-extension://nkbihfbeogaeaoehlefnkodbefgpgknn/scripts/contentscript.js:14082
[   41762ms] [WARNING] document.domain mutation is ignored because the surrounding agent cluster is origin-keyed. @ https://medium.com/data-science-collective/how-to-pull-crypto-data-directly-from-the-ethereum-network-using-web3-js-9ee526a43bc8:74
[   43302ms] [LOG] 
    :#@@@@@@@@@@@@@@@@@@@@@@@@@@@@@@@@@@@@@@@@@@@*:
   :#@@@@@@@@@@@@@@@@@@@@@@@@@@@@@@@@@@@@@@@@@@@@@@@+
  #@@@@@@@@@@@@@@@@@@@@@@@@@@@@@@@@@@@@@@@@@@@@@@@@@@@+
  %@@@@@@@@@#-:::::::%@@@@@@@@@@@@@@-::::::=#@@@@@@@@@+
  %@@@@@@@@@@@:.    .:@@@@@@@@@@@@@+..    -@@@@@@@@@@@+
  %@@@@@@@@@@@:...   .-@@@@@@@@@@@#.-.    =@@@@@@@@@@@+
  %@@@@@@@@@@@:=-..   .*@@@@@@@@@@:=+.    =@@@@@@@@@@%+
  %@@@@@@@@@@@:=@:..   .%@@@@@@@@::@+.    =@@@@@@*:.:-:
  %@@@@@@@@@@@:=@@..    .@@@@@@@=.@@*.    =@@@@=...%@@+
  %@@@@@@@@@@@:=@@#..   .:@@@@@*.%@@*.    =@@@:...*@@@+
  %@@@@@@@@@@@:=@@@+.    .=@@@%.*@@@*.    =@@=....@@@@+
  %@@@@@@@@@@@:=@@@@-..   .*@@:=@@@@*.   .=@@.. ..++++-
  %@@@@@@@@@@@:=@@@@@:..   .%-:@@@@@*.   .=@#.   -@@@@+
  %@@@@@@@@@@@:=@@@@@%..     .@@@@@@*.   .=@#.. ..%@@@+
  %@@@@@@@@@@@:=@@@@@@*..   .%@@@@@@*.   .=@@:.  .:@@@+
  %@@@@@@@@@@@:=@@@@@@@=.. .*@@@@@@@*.   .=@@+... ..+@+
  %@@@@@@@@@@@:=@@@@@@@@:..-@@@@@@@@*.   .=@@@=..   ...
  %@@@@@@@@@@#.:%@@@@@@@@.:@@@@@@@@@-.....:%@@@*:.... 
  %@@@@@@@@@*****#@@@@@@@%@@@@@@@@#+++++++++*@@@@%+-:::
  #@@@@@@@@@@@@@@@@@@@@@@@@@@@@@@@@@@@@@@@@@@@@@@@@@@@+
  *@@@@@@@@@@@@@@@@@@@@@@@@@@@@@@@@@@@@@@@@@@@@@@@@@@@=
     :#@@@@@@@@@@@@@@@@@@@@@@@@@@@@@@@@@@@@@@@@@@@*:
 @ https://cdn-client.medium.com/lite/static/js/main.b93b1420.js:1
[   43302ms] [LOG] We're hiring! https://medium.com/jobs-at-medium/work-at-medium-959d1a85284e @ https://cdn-client.medium.com/lite/static/js/main.b93b1420.js:1
[   44353ms] [WARNING] MaxListenersExceededWarning: Possible EventEmitter memory leak detected. 11 close listeners added. Use emitter.setMaxListeners() to increase limit @ chrome-extension://nkbihfbeogaeaoehlefnkodbefgpgknn/scripts/contentscript.js:14082
[   44353ms] [WARNING] MaxListenersExceededWarning: Possible EventEmitter memory leak detected. 11 end listeners added. Use emitter.setMaxListeners() to increase limit @ chrome-extension://nkbihfbeogaeaoehlefnkodbefgpgknn/scripts/contentscript.js:14082
[   44355ms] [WARNING] ObjectMultiplex - orphaned data for stream "app-init-liveness" @ chrome-extension://nkbihfbeogaeaoehlefnkodbefgpgknn/scripts/contentscript.js:14082
[   44355ms] [WARNING] ObjectMultiplex - orphaned data for stream "app-init-liveness" @ chrome-extension://nkbihfbeogaeaoehlefnkodbefgpgknn/scripts/contentscript.js:14082
[   44356ms] [WARNING] ObjectMultiplex - orphaned data for stream "background-liveness" @ chrome-extension://nkbihfbeogaeaoehlefnkodbefgpgknn/scripts/contentscript.js:14082
[   44356ms] [WARNING] ObjectMultiplex - orphaned data for stream "background-liveness" @ chrome-extension://nkbihfbeogaeaoehlefnkodbefgpgknn/scripts/contentscript.js:14082
[   44356ms] [WARNING] ObjectMultiplex - malformed chunk without name "[object Object]" @ chrome-extension://nkbihfbeogaeaoehlefnkodbefgpgknn/scripts/contentscript.js:14082
[   44356ms] [WARNING] ObjectMultiplex - malformed chunk without name "[object Object]" @ chrome-extension://nkbihfbeogaeaoehlefnkodbefgpgknn/scripts/contentscript.js:14082
[   46388ms] [WARNING] [GSI_LOGGER]: Your client application uses one of the Google One Tap prompt UI status methods that may stop functioning when FedCM becomes mandatory. Refer to the migration guide to update your code accordingly and opt-in to FedCM to test your changes. Learn more: https://developers.google.com/identity/gsi/web/guides/fedcm-migration?s=dc#display_moment and https://developers.google.com/identity/gsi/web/guides/fedcm-migration?s=dc#skipped_moment @ https://accounts.google.com/gsi/client:86
