[      79ms] [INFO] %cDownload the React DevTools for a better development experience: https://reactjs.org/link/react-devtools font-weight:bold @ http://localhost:5173/node_modules/.vite/deps/chunk-45HWO5LR.js?v=a3aadc8c:21608
[     116ms] [WARNING] ⚠️ React Router Future Flag Warning: React Router will begin wrapping state updates in `React.startTransition` in v7. You can use the `v7_startTransition` future flag to opt-in early. For more information, see https://reactrouter.com/v6/upgrading/future#v7_starttransition. @ http://localhost:5173/node_modules/.vite/deps/react-router-dom.js?v=54698640:4426
[     169ms] [WARNING] Lit is in dev mode. Not recommended for production! See https://lit.dev/msg/dev-mode for more information. @ http://localhost:5173/node_modules/.vite/deps/chunk-N3IZMBQS.js?v=a3aadc8c:22
[     170ms] [ERROR] Failed to load resource: the server responded with a status of 403 () @ https://api.web3modal.org/appkit/v1/config?projectId=omnicurve-dev&st=appkit&sv=html-core-1.7.8:0
[     170ms] [WARNING] [Reown Config] Failed to fetch remote project configuration. Using local/default values. Error: HTTP status code: 403
    at fetchData (http://localhost:5173/node_modules/.vite/deps/chunk-J5UHLUVT.js?v=a3aadc8c:2979:17)
    at async FetchUtil.get (http://localhost:5173/node_modules/.vite/deps/chunk-J5UHLUVT.js?v=a3aadc8c:2993:22)
    at async Object.fetchProjectConfig (http://localhost:5173/node_modules/.vite/deps/chunk-J5UHLUVT.js?v=a3aadc8c:6127:22)
    at async Object.fetchRemoteFeatures (http://localhost:5173/node_modules/.vite/deps/core-B7AJGXTL.js?v=a3aadc8c:969:26)
    at async AppKit.initialize (http://localhost:5173/node_modules/.vite/deps/core-B7AJGXTL.js?v=a3aadc8c:1172:27) @ http://localhost:5173/node_modules/.vite/deps/core-B7AJGXTL.js?v=a3aadc8c:971
[     406ms] [ERROR] Failed to load resource: the server responded with a status of 400 () @ https://pulse.walletconnect.org/e?projectId=omnicurve-dev&st=appkit&sv=html-core-1.7.8:0
[   11613ms] ConnectorNotConnectedError: Connector not connected.

Version: @wagmi/core@2.22.1
    at getConnectorClient (http://localhost:5173/node_modules/.vite/deps/chunk-NTAX7WYR.js?v=a3aadc8c:523:11)
    at writeContract2 (http://localhost:5173/node_modules/.vite/deps/chunk-NTAX7WYR.js?v=a3aadc8c:1750:20)
    at Object.mutationFn (http://localhost:5173/node_modules/.vite/deps/chunk-NTAX7WYR.js?v=a3aadc8c:4480:14)
    at Object.fn (http://localhost:5173/node_modules/.vite/deps/chunk-FPOEEIXH.js?v=a3aadc8c:2091:29)
    at run (http://localhost:5173/node_modules/.vite/deps/chunk-FPOEEIXH.js?v=a3aadc8c:868:49)
    at Object.start (http://localhost:5173/node_modules/.vite/deps/chunk-FPOEEIXH.js?v=a3aadc8c:911:9)
    at _a7.execute (http://localhost:5173/node_modules/.vite/deps/chunk-FPOEEIXH.js?v=a3aadc8c:2133:56)
    at async handleProposeResolution (http://localhost:5173/src/pages/MarketDetail.tsx?t=1781008835667:75:5)
[   14116ms] ConnectorNotConnectedError: Connector not connected.

Version: @wagmi/core@2.22.1
    at getConnectorClient (http://localhost:5173/node_modules/.vite/deps/chunk-NTAX7WYR.js?v=a3aadc8c:523:11)
    at writeContract2 (http://localhost:5173/node_modules/.vite/deps/chunk-NTAX7WYR.js?v=a3aadc8c:1750:20)
    at Object.mutationFn (http://localhost:5173/node_modules/.vite/deps/chunk-NTAX7WYR.js?v=a3aadc8c:4480:14)
    at Object.fn (http://localhost:5173/node_modules/.vite/deps/chunk-FPOEEIXH.js?v=a3aadc8c:2091:29)
    at run (http://localhost:5173/node_modules/.vite/deps/chunk-FPOEEIXH.js?v=a3aadc8c:868:49)
    at Object.start (http://localhost:5173/node_modules/.vite/deps/chunk-FPOEEIXH.js?v=a3aadc8c:911:9)
    at _a7.execute (http://localhost:5173/node_modules/.vite/deps/chunk-FPOEEIXH.js?v=a3aadc8c:2133:56)
    at async handleProposeResolution (http://localhost:5173/src/pages/MarketDetail.tsx?t=1781008835667:75:5)
